Added Component: Designator=C13(Tant0805)
Added Component: Designator=C14(0402)
Added Component: Designator=R12(3-0603)
Added Component: Designator=U7(ODFN)
Added Pin To Net: NetName=VCC Pin=R12-1
Added Pin To Net: NetName=SDA Pin=U7-4
Added Pin To Net: NetName=SCL Pin=U7-6
Added Pin To Net: NetName=DGND Pin=C13-1
Added Pin To Net: NetName=DGND Pin=C14-2
Added Pin To Net: NetName=DGND Pin=U7-3
Added Net: Name=DGND
Added Pin To Net: NetName=NetC13_2 Pin=C13-2
Added Pin To Net: NetName=NetC13_2 Pin=C14-1
Added Pin To Net: NetName=NetC13_2 Pin=R12-2
Added Pin To Net: NetName=NetC13_2 Pin=U7-1
Added Net: Name=NetC13_2
Added Member To Class: ClassName=OpenTag3_Sensors Member=Component C13 1uF
Added Member To Class: ClassName=OpenTag3_Sensors Member=Component C14 0.1uF
Added Member To Class: ClassName=OpenTag3_Sensors Member=Component R12 100x
Added Member To Class: ClassName=OpenTag3_Sensors Member=Component U7 RGB light
Added Room: Name=OpenTag3
